<?xml version="1.0" encoding="UTF-8"?>
<!-- Generated by org.testng.reporters.JUnitReportReporter -->
<testsuite skipped="0" hostname="LGVN12611" name="sperry.NewTest" tests="1" failures="0" timestamp="10 Jun 2019 07:28:36 GMT" time="111.730" errors="0">
  <testcase name="launchTestAutomationGuruTest" time="111.730" classname="sperry.NewTest"/>
</testsuite> <!-- sperry.NewTest -->
