<?xml version="1.0" encoding="UTF-8"?>
<!-- Generated by org.testng.reporters.JUnitReportReporter -->
<testsuite skipped="0" hostname="LGVN12611" name="tadashboard.DA_LOGIN_TC001_LoginDashboard" tests="2" failures="0" timestamp="11 Jun 2019 03:44:01 GMT" time="44.416" errors="0">
  <testcase name="Valid_Login" time="27.641" classname="tadashboard.DA_LOGIN_TC001_LoginDashboard"/>
  <testcase name="Login_Invalid_Credential" time="16.775" classname="tadashboard.DA_LOGIN_TC001_LoginDashboard"/>
</testsuite> <!-- tadashboard.DA_LOGIN_TC001_LoginDashboard -->
